<?xml version="1.0" encoding="UTF-8"?>
<testsuite xmlns:xsi="http://www.w3.org/2001/XMLSchema-instance" xsi:noNamespaceSchemaLocation="https://maven.apache.org/surefire/maven-surefire-plugin/xsd/surefire-test-report.xsd" version="3.0.1" name="TestSuite" time="40.616" tests="7" errors="0" skipped="1" failures="0">
  <properties>
[...]
</properties>
  <testcase name="runScenario[&quot;Forgot Password link should be displayed on Login Page&quot;, &quot;User should be verifying the functionalities of Login Page&quot;](1)" classname="com.runners.TestNgRunnerCucumber7" time="0.0">
    <skipped message="got: &lt;false&gt;, expected: is &lt;true&gt;"/>
    <system-out><![CDATA[
@Regression
Scenario Outline: Verify the My Account navigation bar items                      &amp#27;[90m# src/test/resources/features/AccountPage.feature:11&amp#27;[0m

@Smoke @Skip
Scenario: Forgot Password link should be displayed on Login Page &amp#27;[90m# src/test/resources/features/LoginPage.feature:13&amp#27;[0m

@Regression
Scenario Outline: User should verify the login page title &amp#27;[90m# src/test/resources/features/LoginPage.feature:10&amp#27;[0m
The skipped scenarios are : Forgot Password link should be displayed on Login Page
+++++++++2
+++++++++2
      &amp#27;[36morg.junit.AssumptionViolatedException: got: <false>, expected: is <true>
	at org.junit.Assume.assumeThat(Assume.java:106)
	at org.junit.Assume.assumeTrue(Assume.java:50)
	at com.hooks.Hooks.skipScenarios(Hooks.java:26)
&amp#27;[0m
+++++++++2
++++------2
++++------2
++++------2
  &amp#27;[36mGiven &amp#27;[0m&amp#27;[36mUser is on Login Page&amp#27;[0m                                    &amp#27;[90m# com.stepdefinitions.LoginPageSteps.user_is_on_login_page()&amp#27;[0m
  &amp#27;[36mThen &amp#27;[0m&amp#27;[36mForgot Password link should be displayed&amp#27;[0m                  &amp#27;[90m# com.stepdefinitions.LoginPageSteps.verifyForgotPWDLink()&amp#27;[0m
]]></system-out>
    <system-err><![CDATA[SLF4J(W): No SLF4J providers were found.
SLF4J(W): Defaulting to no-operation (NOP) logger implementation
SLF4J(W): See https://www.slf4j.org/codes.html#noProviders for further details.
Aug 28, 2024 9:08:18 PM org.openqa.selenium.devtools.CdpVersionFinder findNearestMatch
WARNING: Unable to find an exact match for CDP version 128, returning the closest version; found: 125; Please update to a Selenium version that supports CDP version 128
Aug 28, 2024 9:08:18 PM org.openqa.selenium.devtools.CdpVersionFinder findNearestMatch
WARNING: Unable to find an exact match for CDP version 128, returning the closest version; found: 125; Please update to a Selenium version that supports CDP version 128
Aug 28, 2024 9:08:18 PM org.openqa.selenium.devtools.CdpVersionFinder findNearestMatch
WARNING: Unable to find an exact match for CDP version 128, returning the closest version; found: 125; Please update to a Selenium version that supports CDP version 128
]]></system-err>
  </testcase>
  <testcase name="runScenario[&quot;User logins with the correct credentials&quot;, &quot;User should be verifying the functionalities of Login Page&quot;](2)" classname="com.runners.TestNgRunnerCucumber7" time="12.175">
    <system-out><![CDATA[
@Sanity
Scenario Outline: User logins with the correct credentials &amp#27;[90m# src/test/resources/features/LoginPage.feature:27&amp#27;[0m
+++++++++2
++++------2
  &amp#27;[32mGiven &amp#27;[0m&amp#27;[32mUser is on Login Page&amp#27;[0m                              &amp#27;[90m# com.stepdefinitions.LoginPageSteps.user_is_on_login_page()&amp#27;[0m
  &amp#27;[32mAnd &amp#27;[0m&amp#27;[32mUser enters the user name &amp#27;[0m&amp#27;[32m&amp#27;[1msandeep321260@gmail.com&amp#27;[0m    &amp#27;[90m# com.stepdefinitions.LoginPageSteps.enterUname(java.lang.String)&amp#27;[0m
  &amp#27;[32mAnd &amp#27;[0m&amp#27;[32mUser enters the password &amp#27;[0m&amp#27;[32m&amp#27;[1mSandeep@321260&amp#27;[0m              &amp#27;[90m# com.stepdefinitions.LoginPageSteps.enterPWD(java.lang.String)&amp#27;[0m
  &amp#27;[32mGiven &amp#27;[0m&amp#27;[32mUser is on Login Page&amp#27;[0m                                                     &amp#27;[90m# com.stepdefinitions.LoginPageSteps.user_is_on_login_page()&amp#27;[0m
  &amp#27;[32mWhen &amp#27;[0m&amp#27;[32mUser enters the login button&amp#27;[0m                        &amp#27;[90m# com.stepdefinitions.LoginPageSteps.clickLogin()&amp#27;[0m
  &amp#27;[32mAnd &amp#27;[0m&amp#27;[32mUser gets the title of the page&amp#27;[0m                      &amp#27;[90m# com.stepdefinitions.LoginPageSteps.user_gets_the_titile_of_the_page()&amp#27;[0m
  &amp#27;[32mThen &amp#27;[0m&amp#27;[32mThe title of the page should be &amp#27;[0m&amp#27;[32m&amp#27;[1mMy Account&amp#27;[0m          &amp#27;[90m# com.stepdefinitions.LoginPageSteps.the_title_of_the_page_should_be_customer_login(java.lang.String)&amp#27;[0m
]]></system-out>
    <system-err><![CDATA[Aug 28, 2024 9:08:19 PM org.openqa.selenium.devtools.CdpVersionFinder findNearestMatch
WARNING: Unable to find an exact match for CDP version 128, returning the closest version; found: 125; Please update to a Selenium version that supports CDP version 128
]]></system-err>
  </testcase>
  <testcase name="runScenario[&quot;User should verify the login page title&quot;, &quot;User should be verifying the functionalities of Login Page&quot;](3)" classname="com.runners.TestNgRunnerCucumber7" time="0.249">
    <system-out><![CDATA[  &amp#27;[32mGiven &amp#27;[0m&amp#27;[32mUser is on Login Page&amp#27;[0m                             &amp#27;[90m# com.stepdefinitions.LoginPageSteps.user_is_on_login_page()&amp#27;[0m

@Regression
Scenario Outline: User should verify the login page title &amp#27;[90m# src/test/resources/features/LoginPageDuplicateForParallelExec.feature:10&amp#27;[0m
+++++++++2
  &amp#27;[32mWhen &amp#27;[0m&amp#27;[32mUser gets the title of the page&amp#27;[0m                    &amp#27;[90m# com.stepdefinitions.LoginPageSteps.user_gets_the_titile_of_the_page()&amp#27;[0m
  &amp#27;[32mThen &amp#27;[0m&amp#27;[32mThe title of the page should be &amp#27;[0m&amp#27;[32m&amp#27;[1mCustomer Login&amp#27;[0m     &amp#27;[90m# com.stepdefinitions.LoginPageSteps.the_title_of_the_page_should_be_customer_login(java.lang.String)&amp#27;[0m
]]></system-out>
  </testcase>
  <testcase name="runScenario[&quot;Verify the My Account navigation bar items&quot;, &quot;Verifying My Account Page functionalities&quot;](4)" classname="com.runners.TestNgRunnerCucumber7" time="2.168">
    <system-out><![CDATA[
@Smoke
Scenario: Forgot Password link should be displayed on Login Page &amp#27;[90m# src/test/resources/features/LoginPageDuplicateForParallelExec.feature:13&amp#27;[0m
+++++++++2
++++------2
++++------2
  &amp#27;[32mAnd &amp#27;[0m&amp#27;[32mUser logins with correct credentials &amp#27;[0m&amp#27;[32m&amp#27;[1msandeep321260@gmail.com&amp#27;[0m&amp#27;[32m &amp#27;[0m&amp#27;[32m&amp#27;[1mSandeep@321260&amp#27;[0m &amp#27;[90m# com.stepdefinitions.LoginPageSteps.login(java.lang.String,java.lang.String)&amp#27;[0m
  &amp#27;[32mWhen &amp#27;[0m&amp#27;[32mUser lands on Account Page&amp#27;[0m                                                 &amp#27;[90m# com.stepdefinitions.AccountpageSteps.userIsonAccountPage()&amp#27;[0m
  &amp#27;[32mThen &amp#27;[0m&amp#27;[32mUser should verify the Navigation Items count as &amp#27;[0m&amp#27;[32m&amp#27;[1m10&amp#27;[0m                        &amp#27;[90m# com.stepdefinitions.AccountpageSteps.verifyNavItemCOunt(int)&amp#27;[0m
]]></system-out>
    <system-err><![CDATA[Aug 28, 2024 9:08:32 PM org.openqa.selenium.devtools.CdpVersionFinder findNearestMatch
WARNING: Unable to find an exact match for CDP version 128, returning the closest version; found: 125; Please update to a Selenium version that supports CDP version 128
Aug 28, 2024 9:08:32 PM org.openqa.selenium.devtools.CdpVersionFinder findNearestMatch
WARNING: Unable to find an exact match for CDP version 128, returning the closest version; found: 125; Please update to a Selenium version that supports CDP version 128
]]></system-err>
  </testcase>
  <testcase name="runScenario[&quot;User should verify the login page title&quot;, &quot;User should be verifying the functionalities of Login Page&quot;](5)" classname="com.runners.TestNgRunnerCucumber7" time="6.78">
    <system-out><![CDATA[
@Sanity
Scenario Outline: User logins with the correct credentials &amp#27;[90m# src/test/resources/features/LoginPageDuplicateForParallelExec.feature:27&amp#27;[0m
+++++++++2
++++------2
  &amp#27;[32mGiven &amp#27;[0m&amp#27;[32mUser is on Login Page&amp#27;[0m                             &amp#27;[90m# com.stepdefinitions.LoginPageSteps.user_is_on_login_page()&amp#27;[0m
  &amp#27;[32mWhen &amp#27;[0m&amp#27;[32mUser gets the title of the page&amp#27;[0m                    &amp#27;[90m# com.stepdefinitions.LoginPageSteps.user_gets_the_titile_of_the_page()&amp#27;[0m
  &amp#27;[32mThen &amp#27;[0m&amp#27;[32mThe title of the page should be &amp#27;[0m&amp#27;[32m&amp#27;[1mCustomer Login&amp#27;[0m     &amp#27;[90m# com.stepdefinitions.LoginPageSteps.the_title_of_the_page_should_be_customer_login(java.lang.String)&amp#27;[0m
]]></system-out>
    <system-err><![CDATA[Aug 28, 2024 9:08:34 PM org.openqa.selenium.devtools.CdpVersionFinder findNearestMatch
WARNING: Unable to find an exact match for CDP version 128, returning the closest version; found: 125; Please update to a Selenium version that supports CDP version 128
]]></system-err>
  </testcase>
  <testcase name="runScenario[&quot;Forgot Password link should be displayed on Login Page&quot;, &quot;User should be verifying the functionalities of Login Page&quot;](6)" classname="com.runners.TestNgRunnerCucumber7" time="10.463">
    <system-out><![CDATA[  &amp#27;[32mGiven &amp#27;[0m&amp#27;[32mUser is on Login Page&amp#27;[0m                              &amp#27;[90m# com.stepdefinitions.LoginPageSteps.user_is_on_login_page()&amp#27;[0m
  &amp#27;[32mAnd &amp#27;[0m&amp#27;[32mUser enters the user name &amp#27;[0m&amp#27;[32m&amp#27;[1msandeep321260@gmail.com&amp#27;[0m    &amp#27;[90m# com.stepdefinitions.LoginPageSteps.enterUname(java.lang.String)&amp#27;[0m
  &amp#27;[32mAnd &amp#27;[0m&amp#27;[32mUser enters the password &amp#27;[0m&amp#27;[32m&amp#27;[1mSandeep@321260&amp#27;[0m              &amp#27;[90m# com.stepdefinitions.LoginPageSteps.enterPWD(java.lang.String)&amp#27;[0m
  &amp#27;[32mGiven &amp#27;[0m&amp#27;[32mUser is on Login Page&amp#27;[0m                                    &amp#27;[90m# com.stepdefinitions.LoginPageSteps.user_is_on_login_page()&amp#27;[0m
  &amp#27;[32mThen &amp#27;[0m&amp#27;[32mForgot Password link should be displayed&amp#27;[0m                  &amp#27;[90m# com.stepdefinitions.LoginPageSteps.verifyForgotPWDLink()&amp#27;[0m
]]></system-out>
  </testcase>
  <testcase name="runScenario[&quot;User logins with the correct credentials&quot;, &quot;User should be verifying the functionalities of Login Page&quot;](7)" classname="com.runners.TestNgRunnerCucumber7" time="14.242">
    <system-out><![CDATA[  &amp#27;[32mWhen &amp#27;[0m&amp#27;[32mUser enters the login button&amp#27;[0m                        &amp#27;[90m# com.stepdefinitions.LoginPageSteps.clickLogin()&amp#27;[0m
  &amp#27;[32mAnd &amp#27;[0m&amp#27;[32mUser gets the title of the page&amp#27;[0m                      &amp#27;[90m# com.stepdefinitions.LoginPageSteps.user_gets_the_titile_of_the_page()&amp#27;[0m
  &amp#27;[32mThen &amp#27;[0m&amp#27;[32mThe title of the page should be &amp#27;[0m&amp#27;[32m&amp#27;[1mMy Account&amp#27;[0m          &amp#27;[90m# com.stepdefinitions.LoginPageSteps.the_title_of_the_page_should_be_customer_login(java.lang.String)&amp#27;[0m
]]></system-out>
  </testcase>
</testsuite>